--------- beginning of crash
--------- beginning of system
--------- beginning of main
---------------------------- PROCESS STARTED (12184) for package com.zhanghuang ----------------------------
2023-06-14 14:05:47.663 12184-12184 Compatibil...geReporter com.zhanghuang                       D  Compat change id reported: 171979766; UID 10571; state: DISABLED
2023-06-14 14:05:47.669 12184-8670  AppScoutStateMachine    com.zhanghuang                       D  12184-ScoutStateMachinecreated
2023-06-14 14:05:47.672 12184-12184 ziparchive              com.zhanghuang                       W  Unable to open '/data/app/~~JWD2RXq6ZuJhbGJVo5IGsw==/com.zhanghuang-O4GIRfLnkbY4EmUvV4lTdw==/base.dm': No such file or directory
2023-06-14 14:05:47.672 12184-12184 ziparchive              com.zhanghuang                       W  Unable to open '/data/app/~~JWD2RXq6ZuJhbGJVo5IGsw==/com.zhanghuang-O4GIRfLnkbY4EmUvV4lTdw==/base.dm': No such file or directory
2023-06-14 14:05:47.831 12184-12184 Perf                    com.zhanghuang                       I  Connecting to perf service.
2023-06-14 14:05:47.835 12184-12184 GraphicsEnvironment     com.zhanghuang                       V  ANGLE Developer option for 'com.zhanghuang' set to: 'default'
2023-06-14 14:05:47.835 12184-12184 GraphicsEnvironment     com.zhanghuang                       V  ANGLE GameManagerService for com.zhanghuang: false
2023-06-14 14:05:47.835 12184-12184 GraphicsEnvironment     com.zhanghuang                       V  Updatable production driver is not supported on the device.
2023-06-14 14:05:47.839 12184-12184 ForceDarkHelperStubImpl com.zhanghuang                       I  initialize for com.zhanghuang , ForceDarkOrigin
2023-06-14 14:05:47.839 12184-12184 com.zhanghuang          com.zhanghuang                       D  JNI_OnLoad success
2023-06-14 14:05:47.839 12184-12184 MiuiForceDarkConfig     com.zhanghuang                       I  setConfig density:3.000000, mainRule:0, secondaryRule:0, tertiaryRule:0
2023-06-14 14:05:47.840 12184-12184 NetworkSecurityConfig   com.zhanghuang                       D  Using Network Security Config from resource network_security_config debugBuild: true
2023-06-14 14:05:47.842 12184-12184 NetworkSecurityConfig   com.zhanghuang                       D  Using Network Security Config from resource network_security_config debugBuild: true
2023-06-14 14:05:47.903 12184-12184 greenDAO                com.zhanghuang                       I  Creating tables for schema version 2
2023-06-14 14:05:47.909 12184-8774  ziparchive              com.zhanghuang                       W  Unable to open '/data/user/0/com.zhanghuang/app_e_qq_com_plugin_c4a3cb97806cecae65646808b7755026/gdt_plugin.dm': No such file or directory
2023-06-14 14:05:47.928 12184-12184 MiuiMultiWindowAdapter  com.zhanghuang                       D  MiuiMultiWindowAdapter::getFreeformVideoWhiteListInSystem::LIST_ABOUT_SUPPORT_LANDSCAPE_VIDEO = [com.hunantv.imgo.activity, com.tencent.qqlive, com.qiyi.video, com.hunantv.imgo.activity.inter, com.tencent.qqlivei18n, com.iqiyi.i18n, tv.danmaku.bili]
2023-06-14 14:05:47.961 12184-12184 libc                    com.zhanghuang                       W  Access denied finding property "ro.vendor.df.effect.conflict"
2023-06-14 14:05:47.954 12184-12184 com.zhanghuang          com.zhanghuang                       W  type=1400 audit(0.0:394436): avc: denied { read } for name="u:object_r:vendor_displayfeature_prop:s0" dev="tmpfs" ino=387 scontext=u:r:untrusted_app_30:s0:c59,c258,c512,c768 tcontext=u:object_r:vendor_displayfeature_prop:s0 tclass=file permissive=0
2023-06-14 14:05:47.969 12184-12184 ziparchive              com.zhanghuang                       W  Unable to open '/data/app/~~035giyo_S09wl9PSRSP6Mg==/com.google.android.trichromelibrary_567216233-kfS-ZrJYagJ5-VGQEK8jow==/base.dm': No such file or directory
2023-06-14 14:05:47.969 12184-12184 ziparchive              com.zhanghuang                       W  Unable to open '/data/app/~~035giyo_S09wl9PSRSP6Mg==/com.google.android.trichromelibrary_567216233-kfS-ZrJYagJ5-VGQEK8jow==/base.dm': No such file or directory
2023-06-14 14:05:47.970 12184-12184 com.zhanghuang          com.zhanghuang                       W  Entry not found
2023-06-14 14:05:47.984 12184-12184 WebViewFactory          com.zhanghuang                       I  Loading com.google.android.webview version 113.0.5672.162 (code 567216233)
2023-06-14 14:05:47.992 12184-8788  ViewContentFactory      com.zhanghuang                       D  initViewContentFetcherClass
2023-06-14 14:05:47.992 12184-8788  ViewContentFactory      com.zhanghuang                       D  getInterceptorPackageInfo
2023-06-14 14:05:47.993 12184-8788  ViewContentFactory      com.zhanghuang                       D  getInitialApplication took 0ms
2023-06-14 14:05:47.993 12184-8788  ViewContentFactory      com.zhanghuang                       D  packageInfo.packageName: com.miui.catcherpatch
2023-06-14 14:05:48.007 12184-8788  ViewContentFactory      com.zhanghuang                       D  initViewContentFetcherClass took 15ms
2023-06-14 14:05:48.007 12184-8788  ContentCatcher          com.zhanghuang                       I  ViewContentFetcher : ViewContentFetcher
2023-06-14 14:05:48.007 12184-8788  ViewContentFactory      com.zhanghuang                       D  createInterceptor took 15ms
2023-06-14 14:05:48.008 12184-12184 com.zhanghuang          com.zhanghuang                       W  Accessing hidden method Landroid/os/Trace;->isTagEnabled(J)Z (unsupported, reflection, allowed)
2023-06-14 14:05:48.008 12184-12184 com.zhanghuang          com.zhanghuang                       W  Accessing hidden method Landroid/os/Trace;->traceBegin(JLjava/lang/String;)V (unsupported, reflection, allowed)
2023-06-14 14:05:48.008 12184-12184 com.zhanghuang          com.zhanghuang                       W  Accessing hidden method Landroid/os/Trace;->traceEnd(J)V (unsupported, reflection, allowed)
2023-06-14 14:05:48.008 12184-12184 com.zhanghuang          com.zhanghuang                       W  Accessing hidden method Landroid/os/Trace;->asyncTraceBegin(JLjava/lang/String;I)V (unsupported, reflection, allowed)
2023-06-14 14:05:48.008 12184-12184 com.zhanghuang          com.zhanghuang                       W  Accessing hidden method Landroid/os/Trace;->asyncTraceEnd(JLjava/lang/String;I)V (unsupported, reflection, allowed)
2023-06-14 14:05:48.010 12184-12184 cr_WVCFactoryProvider   com.zhanghuang                       I  Loaded version=113.0.5672.162 minSdkVersion=29 isBundle=true multiprocess=true packageId=2
2023-06-14 14:05:48.042 12184-12184 cr_LibraryLoader        com.zhanghuang                       I  Successfully loaded native library
2023-06-14 14:05:48.043 12184-12184 cr_CachingUmaRecorder   com.zhanghuang                       I  Flushed 8 samples from 8 histograms.
2023-06-14 14:05:48.124 12184-8775  gdt_ad_mob              com.zhanghuang                       E  Fail to getfactory implement instance for interface:com.qq.e.comm.pi.POFactory
                                                                                                    com.qq.e.comm.managers.plugin.e: Fail to getfactory implement instance for interface:com.qq.e.comm.pi.POFactory
                                                                                                    	at com.qq.e.comm.managers.plugin.PM.getFactory(:4)
                                                                                                    	at com.qq.e.comm.managers.plugin.PM.getPOFactory(Unknown Source:11)
                                                                                                    	at com.qq.e.comm.managers.a.run(Unknown Source:6)
                                                                                                    	at java.util.concurrent.Executors$RunnableAdapter.call(Executors.java:463)
                                                                                                    	at java.util.concurrent.FutureTask.run(FutureTask.java:264)
                                                                                                    	at java.util.concurrent.ThreadPoolExecutor.runWorker(ThreadPoolExecutor.java:1137)
                                                                                                    	at java.util.concurrent.ThreadPoolExecutor$Worker.run(ThreadPoolExecutor.java:637)
                                                                                                    	at java.lang.Thread.run(Thread.java:1012)
                                                                                                    Caused by: java.lang.reflect.InvocationTargetException
                                                                                                    	at java.lang.reflect.Method.invoke(Native Method)
                                                                                                    	at com.qq.e.comm.managers.plugin.PM.getFactory(:4) 
                                                                                                    	at com.qq.e.comm.managers.plugin.PM.getPOFactory(Unknown Source:11) 
                                                                                                    	at com.qq.e.comm.managers.a.run(Unknown Source:6) 
                                                                                                    	at java.util.concurrent.Executors$RunnableAdapter.call(Executors.java:463) 
                                                                                                    	at java.util.concurrent.FutureTask.run(FutureTask.java:264) 
                                                                                                    	at java.util.concurrent.ThreadPoolExecutor.runWorker(ThreadPoolExecutor.java:1137) 
                                                                                                    	at java.util.concurrent.ThreadPoolExecutor$Worker.run(ThreadPoolExecutor.java:637) 
                                                                                                    	at java.lang.Thread.run(Thread.java:1012) 
                                                                                                    Caused by: java.lang.ExceptionInInitializerError
                                                                                                    	at com.qq.e.comm.plugin.POFactoryImpl.getInstance(Unknown Source:11)
                                                                                                    	at java.lang.reflect.Method.invoke(Native Method) 
                                                                                                    	at com.qq.e.comm.managers.plugin.PM.getFactory(:4) 
                                                                                                    	at com.qq.e.comm.managers.plugin.PM.getPOFactory(Unknown Source:11) 
                                                                                                    	at com.qq.e.comm.managers.a.run(Unknown Source:6) 
                                                                                                    	at java.util.concurrent.Executors$RunnableAdapter.call(Executors.java:463) 
                                                                                                    	at java.util.concurrent.FutureTask.run(FutureTask.java:264) 
                                                                                                    	at java.util.concurrent.ThreadPoolExecutor.runWorker(ThreadPoolExecutor.java:1137) 
                                                                                                    	at java.util.concurrent.ThreadPoolExecutor$Worker.run(ThreadPoolExecutor.java:637) 
                                                                                                    	at java.lang.Thread.run(Thread.java:1012) 
                                                                                                    Caused by: java.lang.UnsupportedOperationException: unsupport OS version
                                                                                                    	at yaq.pro.<clinit>(pro.java:93)
                                                                                                    	at com.qq.e.comm.plugin.POFactoryImpl.getInstance(Unknown Source:11) 
                                                                                                    	at java.lang.reflect.Method.invoke(Native Method) 
                                                                                                    	at com.qq.e.comm.managers.plugin.PM.getFactory(:4) 
                                                                                                    	at com.qq.e.comm.managers.plugin.PM.getPOFactory(Unknown Source:11) 
                                                                                                    	at com.qq.e.comm.managers.a.run(Unknown Source:6) 
                                                                                                    	at java.util.concurrent.Executors$RunnableAdapter.call(Executors.java:463) 
                                                                                                    	at java.util.concurrent.FutureTask.run(FutureTask.java:264) 
                                                                                                    	at java.util.concurrent.ThreadPoolExecutor.runWorker(ThreadPoolExecutor.java:1137) 
                                                                                                    	at java.util.concurrent.ThreadPoolExecutor$Worker.run(ThreadPoolExecutor.java:637) 
                                                                                                    	at java.lang.Thread.run(Thread.java:1012) 
2023-06-14 14:05:48.206 12184-12184 Compatibil...geReporter com.zhanghuang                       D  Compat change id reported: 183155436; UID 10571; state: DISABLED
2023-06-14 14:05:48.245 12184-12184 IS_CTS_MODE             com.zhanghuang                       D  false
2023-06-14 14:05:48.245 12184-12184 MULTI_WINDOW_ENABLED    com.zhanghuang                       D  false
2023-06-14 14:05:48.247 12184-12184 DecorView[]             com.zhanghuang                       D  getWindowModeFromSystem  windowmode is 1
2023-06-14 14:05:48.487 12184-12184 Compatibil...geReporter com.zhanghuang                       D  Compat change id reported: 214741472; UID 10571; state: DISABLED
2023-06-14 14:05:48.489 12184-12184 Compatibil...geReporter com.zhanghuang                       D  Compat change id reported: 171228096; UID 10571; state: ENABLED
2023-06-14 14:05:48.550 12184-8969  AdrenoGLES-0            com.zhanghuang                       I  QUALCOMM build                   : 5e81ec0141, Icc5bd9b9d5
                                                                                                    Build Date                       : 11/07/22
                                                                                                    OpenGL ES Shader Compiler Version: EV031.36.08.11
                                                                                                    Local Branch                     : 
                                                                                                    Remote Branch                    : 
                                                                                                    Remote Branch                    : 
                                                                                                    Reconstruct Branch               : 
2023-06-14 14:05:48.550 12184-8969  AdrenoGLES-0            com.zhanghuang                       I  Build Config                     : S P 12.1.1 AArch64
2023-06-14 14:05:48.550 12184-8969  AdrenoGLES-0            com.zhanghuang                       I  Driver Path                      : /vendor/lib64/egl/libGLESv2_adreno.so
2023-06-14 14:05:48.550 12184-8969  AdrenoGLES-0            com.zhanghuang                       I  Driver Version                   : 0615.50
2023-06-14 14:05:48.554 12184-12184 Activity                com.zhanghuang                       W  PerfMonitor: Slow Operation: Activity com.zhanghuang/.NSplashActivity onCreate took 615ms
2023-06-14 14:05:48.573 12184-8969  AdrenoGLES-0            com.zhanghuang                       I  PFP: 0x01730155, ME: 0x00000000
2023-06-14 14:05:48.578 12184-12184 UMLog                   com.zhanghuang                       D  统计SDK常见问题索引贴 详见链接 http://developer.umeng.com/docs/66650/cate/66650
2023-06-14 14:05:48.582 12184-8915  cr_media                com.zhanghuang                       W  BLUETOOTH_CONNECT permission is missing.
2023-06-14 14:05:48.587 12184-8915  cr_media                com.zhanghuang                       W  registerBluetoothIntentsIfNeeded: Requires BLUETOOTH permission
2023-06-14 14:05:48.587 12184-12184 com.zhanghuang          com.zhanghuang                       W  Accessing hidden method Landroid/view/View;->computeFitSystemWindows(Landroid/graphics/Rect;Landroid/graphics/Rect;)Z (unsupported, reflection, allowed)
2023-06-14 14:05:48.587 12184-12184 com.zhanghuang          com.zhanghuang                       W  Accessing hidden method Landroid/view/ViewGroup;->makeOptionalFitsSystemWindows()V (unsupported, reflection, allowed)
2023-06-14 14:05:48.595 12184-8969  libc                    com.zhanghuang                       W  Access denied finding property "vendor.migl.debug"
2023-06-14 14:05:48.636 12184-12184 Looper                  com.zhanghuang                       W  PerfMonitor looperActivity : package=com.zhanghuang/.NSplashActivity time=1ms latency=974ms running=0ms  procState=-1  historyMsgCount=2 (msgIndex=1 wall=265ms seq=3 running=148ms runnable=86ms io=9ms reclaim=1ms late=4ms h=android.app.ActivityThread$H w=110) (msgIndex=2 wall=698ms seq=4 running=263ms runnable=22ms io=115ms reclaim=2ms late=268ms h=android.app.ActivityThread$H w=159)
2023-06-14 14:05:48.668 12184-8988  SQLiteLog               com.zhanghuang                       W  (28) double-quoted string literal: "1686722748665"
2023-06-14 14:05:48.668 12184-8988  SQLiteLog               com.zhanghuang                       W  (28) double-quoted string literal: "0"
2023-06-14 14:05:48.668 12184-8988  SQLiteLog               com.zhanghuang                       W  (28) double-quoted string literal: ""
2023-06-14 14:05:48.668 12184-8988  SQLiteLog               com.zhanghuang                       W  (28) double-quoted string literal: ""
2023-06-14 14:05:48.668 12184-8988  SQLiteLog               com.zhanghuang                       W  (28) double-quoted string literal: ""
2023-06-14 14:05:48.687 12184-8988  SQLiteLog               com.zhanghuang                       W  (28) double-quoted string literal: "7432E12809CC98731EC9B92E8C01DCB1"
2023-06-14 14:05:48.687 12184-8988  SQLiteLog               com.zhanghuang                       W  (28) double-quoted string literal: ""
2023-06-14 14:05:48.687 12184-8988  SQLiteLog               com.zhanghuang                       W  (28) double-quoted string literal: "7432E12809CC98731EC9B92E8C01DCB1"
2023-06-14 14:05:48.687 12184-8988  SQLiteLog               com.zhanghuang                       W  (28) double-quoted string literal: "-1"
2023-06-14 14:05:48.702 12184-8781  libEGL                  com.zhanghuang                       E  pre_cache appList: com.sina.weibo,com.ss.android.article.news,com.taobao.taobao,com.smile.gifmaker,com.ss.android.ugc.aweme,com.tencent.mm,tv.danmaku.bili,
2023-06-14 14:05:48.704 12184-8781  com.zhanghuang          com.zhanghuang                       I  Support FEAS product diting: 
2023-06-14 14:05:48.715 12184-8781  com.zhanghuang          com.zhanghuang                       D  MiuiProcessManagerServiceStub setSchedFifo
2023-06-14 14:05:48.715 12184-8781  MiuiProcessManagerImpl  com.zhanghuang                       I  setSchedFifo pid:12184, mode:3
2023-06-14 14:05:48.721 12184-8988  UMLog                   com.zhanghuang                       D  当前发送策略为：启动时发送。详见链接 https://developer.umeng.com/docs/66632/detail/66976?um_channel=sdk
2023-06-14 14:05:48.723 12184-8988  MobclickAgent           com.zhanghuang                       D  创建新会话: 7432E12809CC98731EC9B92E8C01DCB1
2023-06-14 14:05:48.788 12184-8781  libEGL                  com.zhanghuang                       E  pre_cache appList: com.sina.weibo,com.ss.android.article.news,com.taobao.taobao,com.smile.gifmaker,com.ss.android.ugc.aweme,com.tencent.mm,tv.danmaku.bili,
2023-06-14 14:05:48.799 12184-8781  LB                      com.zhanghuang                       E  fail to open file: No such file or directory
2023-06-14 14:05:48.803 12184-8781  Parcel                  com.zhanghuang                       W  Expecting binder but got null!
2023-06-14 14:05:48.825 12184-12184 DecorView[]             com.zhanghuang                       D  onWindowFocusChanged hasWindowFocus true
2023-06-14 14:05:48.826 12184-12184 HandWritingStubImpl     com.zhanghuang                       I  refreshLastKeyboardType: 1
2023-06-14 14:05:48.826 12184-12184 HandWritingStubImpl     com.zhanghuang                       I  getCurrentKeyboardType: 1
2023-06-14 14:05:48.833 12184-12184 HandWritingStubImpl     com.zhanghuang                       I  isKeyboardTypeChanged: false
2023-06-14 14:05:48.833 12184-12184 HandWritingStubImpl     com.zhanghuang                       I  isKeyboardTypeChanged: false
2023-06-14 14:05:48.874 12184-12184 HandWritingStubImpl     com.zhanghuang                       I  getCurrentKeyboardType: 1
2023-06-14 14:05:48.891 12184-12184 HandWritingStubImpl     com.zhanghuang                       I  isKeyboardTypeChanged: false
2023-06-14 14:05:48.943 12184-8954  AudioCapabilities       com.zhanghuang                       W  Unsupported mime audio/alac
2023-06-14 14:05:48.944 12184-8954  AudioCapabilities       com.zhanghuang                       W  Unsupported mime audio/x-ape
2023-06-14 14:05:48.945 12184-8954  AudioCapabilities       com.zhanghuang                       W  Unsupported mime audio/evrc
2023-06-14 14:05:48.945 12184-8954  AudioCapabilities       com.zhanghuang                       W  Unsupported mime audio/qcelp
2023-06-14 14:05:48.945 12184-12184 IS_CTS_MODE             com.zhanghuang                       D  false
2023-06-14 14:05:48.945 12184-12184 MULTI_WINDOW_ENABLED    com.zhanghuang                       D  false
2023-06-14 14:05:48.946 12184-8954  AudioCapabilities       com.zhanghuang                       W  Unsupported mime audio/dsd
2023-06-14 14:05:48.946 12184-8954  AudioCapabilities       com.zhanghuang                       W  Unsupported mime audio/amr-wb-plus
2023-06-14 14:05:48.948 12184-8954  AudioCapabilities       com.zhanghuang                       W  Unsupported mime audio/x-ms-wma
2023-06-14 14:05:48.949 12184-8954  AudioCapabilities       com.zhanghuang                       W  Unsupported mime audio/evrc
2023-06-14 14:05:48.949 12184-8954  AudioCapabilities       com.zhanghuang                       W  Unsupported mime audio/qcelp
2023-06-14 14:05:48.949 12184-8954  AudioCapabilities       com.zhanghuang                       W  Unsupported mime audio/alac
2023-06-14 14:05:48.949 12184-8954  AudioCapabilities       com.zhanghuang                       W  Unsupported mime audio/x-ape
2023-06-14 14:05:48.951 12184-12184 Compatibil...geReporter com.zhanghuang                       D  Compat change id reported: 210923482; UID 10571; state: DISABLED
2023-06-14 14:05:48.951 12184-12184 Compatibil...geReporter com.zhanghuang                       D  Compat change id reported: 37756858; UID 10571; state: ENABLED
2023-06-14 14:05:48.969 12184-8954  VideoCapabilities       com.zhanghuang                       W  Unsupported mime image/vnd.android.heic
2023-06-14 14:05:48.969 12184-8954  VideoCapabilities       com.zhanghuang                       W  Unsupported mime image/vnd.android.heic
2023-06-14 14:05:48.970 12184-8954  VideoCapabilities       com.zhanghuang                       W  Unsupported mime video/dolby-vision
2023-06-14 14:05:48.971 12184-8954  VideoCapabilities       com.zhanghuang                       W  Unsupported mime video/dolby-vision
2023-06-14 14:05:48.981 12184-12184 Compatibil...geReporter com.zhanghuang                       D  Compat change id reported: 193247900; UID 10571; state: DISABLED
2023-06-14 14:05:49.015 12184-8781  Parcel                  com.zhanghuang                       W  Expecting binder but got null!
2023-06-14 14:05:49.026 12184-12184 DecorView[]             com.zhanghuang                       D  onWindowFocusChanged hasWindowFocus false
2023-06-14 14:05:49.142 12184-12184 DecorView[]             com.zhanghuang                       D  onWindowFocusChanged hasWindowFocus true
2023-06-14 14:05:49.342 12184-12184 HandWritingStubImpl     com.zhanghuang                       I  isKeyboardTypeChanged: false
2023-06-14 14:05:55.835 12184-8733  com.zhanghuang          com.zhanghuang                       I  ProcessProfilingInfo new_methods=1286 is saved saved_to_disk=1 resolve_classes_delay=8000
2023-06-14 14:06:00.103 12184-8634  com.zhanghuang          com.zhanghuang                       I  This is non sticky GC, maxfree is 8388608 minfree is 2097152
2023-06-14 14:06:00.098 12184-12184 FinalizerDaemon         com.zhanghuang                       W  type=1400 audit(0.0:394497): avc: denied { getopt } for path="/dev/socket/usap_pool_primary" scontext=u:r:untrusted_app_30:s0:c59,c258,c512,c768 tcontext=u:r:zygote:s0 tclass=unix_stream_socket permissive=0
